<?xml version="1.0" encoding="UTF-8"?>
<testng-results ignored="0" total="1" passed="1" failed="0" skipped="0">
  <reporter-output>
  </reporter-output>
  <suite started-at="2024-06-11T08:13:17 GMT-07:00" name="Default suite" finished-at="2024-06-11T08:13:17 GMT-07:00" duration-ms="62">
    <groups>
    </groups>
    <test started-at="2024-06-11T08:13:17 GMT-07:00" name="Default test" finished-at="2024-06-11T08:13:17 GMT-07:00" duration-ms="62">
      <class name="java11basics.PracticeQuestions">
        <test-method signature="print()[pri:0, instance:java11basics.PracticeQuestions@66498326]" started-at="2024-06-11T08:13:17 GMT-07:00" name="print" finished-at="2024-06-11T08:13:17 GMT-07:00" duration-ms="10" status="PASS">
          <reporter-output>
          </reporter-output>
        </test-method> <!-- print -->
      </class> <!-- java11basics.PracticeQuestions -->
    </test> <!-- Default test -->
  </suite> <!-- Default suite -->
</testng-results>
